Feb 17 00:32:48 pe3 kernel: [    5.791531] systemd[1]: Listening on LVM2 poll daemon socket.
Feb 17 00:32:48 pe3 kernel: [    5.794137] systemd[1]: Listening on multipathd control socket.
Feb 17 00:32:48 pe3 kernel: [    5.796689] systemd[1]: Listening on fsck to fsckd communication Socket.
Feb 17 00:32:48 pe3 kernel: [    5.799038] systemd[1]: Listening on initctl Compatibility Named Pipe.
Feb 17 00:32:48 pe3 kernel: [    5.801829] systemd[1]: Listening on Journal Audit Socket.
Feb 17 00:32:48 pe3 kernel: [    5.804314] systemd[1]: Listening on Journal Socket (/dev/log).
Feb 17 00:32:48 pe3 kernel: [    5.806755] systemd[1]: Listening on Journal Socket.
Feb 17 00:32:48 pe3 kernel: [    5.809324] systemd[1]: Listening on Network Service Netlink Socket.
Feb 17 00:32:48 pe3 kernel: [    5.811719] systemd[1]: Listening on udev Control Socket.
Feb 17 00:32:48 pe3 kernel: [    5.814040] systemd[1]: Listening on udev Kernel Socket.
Feb 17 00:32:48 pe3 kernel: [    5.818564] systemd[1]: Mounting Huge Pages File System...
Feb 17 00:32:48 pe3 kernel: [    5.823091] systemd[1]: Mounting POSIX Message Queue File System...
Feb 17 00:32:48 pe3 kernel: [    5.827546] systemd[1]: Mounting Kernel Debug File System...
Feb 17 00:32:48 pe3 kernel: [    5.831797] systemd[1]: Mounting Kernel Trace File System...
Feb 17 00:32:48 pe3 kernel: [    5.840340] systemd[1]: Starting Journal Service...
Feb 17 00:32:48 pe3 kernel: [    5.845486] systemd[1]: Starting Set the console keyboard layout...
Feb 17 00:32:48 pe3 kernel: [    5.850286] systemd[1]: Starting Create List of Static Device Nodes...
Feb 17 00:32:48 pe3 kernel: [    5.854772] systemd[1]: Starting Monitoring of LVM2 mirrors, snapshots etc. using dmeventd or progress polling...
Feb 17 00:32:48 pe3 kernel: [    5.859759] systemd[1]: Starting Load Kernel Module configfs...
Feb 17 00:32:48 pe3 kernel: [    5.864692] systemd[1]: Starting Load Kernel Module drm...
Feb 17 00:32:48 pe3 kernel: [    5.871892] systemd[1]: Starting Load Kernel Module efi_pstore...
Feb 17 00:32:48 pe3 kernel: [    5.878617] systemd[1]: Starting Load Kernel Module fuse...
Feb 17 00:32:48 pe3 kernel: [    5.882885] systemd[1]: Condition check resulted in File System Check on Root Device being skipped.
Feb 17 00:32:48 pe3 kernel: [    5.887901] systemd[1]: Starting Load Kernel Modules...
Feb 17 00:32:48 pe3 kernel: [    5.894558] systemd[1]: Starting Remount Root and Kernel File Systems...
Feb 17 00:32:48 pe3 kernel: [    5.899877] systemd[1]: Starting Coldplug All udev Devices...
Feb 17 00:32:48 pe3 kernel: [    5.905650] systemd[1]: Mounted Huge Pages File System.
Feb 17 00:32:48 pe3 kernel: [    5.916046] systemd[1]: Mounted POSIX Message Queue File System.
Feb 17 00:32:48 pe3 kernel: [    5.918314] systemd[1]: Mounted Kernel Debug File System.
Feb 17 00:32:48 pe3 kernel: [    5.920527] systemd[1]: Mounted Kernel Trace File System.
Feb 17 00:32:48 pe3 kernel: [    5.923443] systemd[1]: Finished Create List of Static Device Nodes.
Feb 17 00:32:48 pe3 kernel: [    5.926208] systemd[1]: modprobe@configfs.service: Deactivated successfully.
Feb 17 00:32:48 pe3 kernel: [    5.927721] systemd[1]: Finished Load Kernel Module configfs.
Feb 17 00:32:48 pe3 kernel: [    5.930376] systemd[1]: modprobe@drm.service: Deactivated successfully.
Feb 17 00:32:48 pe3 kernel: [    5.932005] systemd[1]: Finished Load Kernel Module drm.
Feb 17 00:32:48 pe3 kernel: [    5.934745] systemd[1]: modprobe@efi_pstore.service: Deactivated successfully.
Feb 17 00:32:48 pe3 kernel: [    5.936852] systemd[1]: Finished Load Kernel Module efi_pstore.
Feb 17 00:32:48 pe3 kernel: [    5.939543] systemd[1]: modprobe@fuse.service: Deactivated successfully.
Feb 17 00:32:48 pe3 kernel: [    5.941200] systemd[1]: Finished Load Kernel Module fuse.
Feb 17 00:32:48 pe3 kernel: [    5.944409] systemd[1]: Finished Load Kernel Modules.
Feb 17 00:32:48 pe3 kernel: [    5.947496] systemd[1]: Finished Remount Root and Kernel File Systems.
Feb 17 00:32:48 pe3 kernel: [    5.956328] systemd[1]: Activating swap /swap.img...
Feb 17 00:32:48 pe3 kernel: [    5.961391] systemd[1]: Mounting FUSE Control File System...
Feb 17 00:32:48 pe3 kernel: [    5.965869] systemd[1]: Mounting Kernel Configuration File System...
Feb 17 00:32:48 pe3 kernel: [    5.971601] systemd[1]: Starting Initial cloud-init job (pre-networking)...
Feb 17 00:32:48 pe3 kernel: [    5.975981] systemd[1]: Starting Device-Mapper Multipath Device Controller...
Feb 17 00:32:48 pe3 kernel: [    5.978369] systemd[1]: Condition check resulted in Platform Persistent Storage Archival being skipped.
Feb 17 00:32:48 pe3 kernel: [    5.981787] systemd[1]: Starting Load/Save Random Seed...
Feb 17 00:32:48 pe3 kernel: [    5.986692] systemd[1]: Starting Apply Kernel Variables...
Feb 17 00:32:48 pe3 kernel: [    5.992876] systemd[1]: Starting Create System Users...
Feb 17 00:32:48 pe3 kernel: [    5.997308] systemd[1]: Activated swap /swap.img.
Feb 17 00:32:48 pe3 kernel: [    6.003163] systemd[1]: Started Journal Service.
