===Mon Feb 17 00:35:11 UTC 2025===
===Mon Feb 17 00:35:11 UTC 2025===
process monitor_cpu.pl (pid=5718) is already running.
Mon Feb 17 00:35:12 2025 : Continue with Iteration
Mon Feb 17 00:36:12 2025 : Continue with Iteration
Mon Feb 17 00:37:12 2025 : Continue with Iteration
Mon Feb 17 00:38:12 2025 : Continue with Iteration
Mon Feb 17 00:53:12 2025 : Continue with Iteration
Mon Feb 17 01:08:15 2025 : Continue with Iteration
Mon Feb 17 01:23:15 2025 : Continue with Iteration
Mon Feb 17 01:38:18 2025 : Continue with Iteration
Mon Feb 17 01:53:18 2025 : Continue with Iteration
Mon Feb 17 02:08:21 2025 : Continue with Iteration
Mon Feb 17 02:23:22 2025 : Continue with Iteration
Mon Feb 17 02:38:25 2025 : Continue with Iteration
Mon Feb 17 02:53:25 2025 : Continue with Iteration
Mon Feb 17 03:08:28 2025 : Continue with Iteration
Mon Feb 17 03:23:28 2025 : Continue with Iteration
Mon Feb 17 03:38:31 2025 : Continue with Iteration
Mon Feb 17 03:53:31 2025 : Continue with Iteration
Mon Feb 17 04:08:34 2025 : Continue with Iteration
Mon Feb 17 04:23:34 2025 : Continue with Iteration
Mon Feb 17 04:38:37 2025 : Continue with Iteration
Mon Feb 17 04:53:37 2025 : Continue with Iteration
Mon Feb 17 05:08:40 2025 : Continue with Iteration
Mon Feb 17 05:23:40 2025 : Continue with Iteration
Mon Feb 17 05:38:43 2025 : Continue with Iteration
Mon Feb 17 05:53:44 2025 : Continue with Iteration
Mon Feb 17 06:08:46 2025 : Continue with Iteration
Mon Feb 17 06:23:47 2025 : Continue with Iteration
Mon Feb 17 06:38:50 2025 : Continue with Iteration
Mon Feb 17 06:53:50 2025 : Continue with Iteration
Mon Feb 17 07:08:53 2025 : Continue with Iteration
Mon Feb 17 07:23:53 2025 : Continue with Iteration
Mon Feb 17 07:38:56 2025 : Continue with Iteration
Mon Feb 17 07:53:56 2025 : Continue with Iteration
Mon Feb 17 08:08:59 2025 : Continue with Iteration
Mon Feb 17 08:24:00 2025 : Continue with Iteration
Mon Feb 17 08:39:03 2025 : Continue with Iteration
Mon Feb 17 08:54:03 2025 : Continue with Iteration
Mon Feb 17 09:09:06 2025 : Continue with Iteration
Mon Feb 17 09:24:06 2025 : Continue with Iteration
Mon Feb 17 09:39:09 2025 : Continue with Iteration
Mon Feb 17 09:54:09 2025 : Continue with Iteration
Mon Feb 17 10:09:12 2025 : Continue with Iteration
Mon Feb 17 10:24:13 2025 : Continue with Iteration
Mon Feb 17 10:39:16 2025 : Continue with Iteration
Mon Feb 17 10:54:16 2025 : Continue with Iteration
Mon Feb 17 11:09:19 2025 : Continue with Iteration
Mon Feb 17 11:24:19 2025 : Continue with Iteration
Mon Feb 17 11:39:22 2025 : Continue with Iteration
Mon Feb 17 11:54:22 2025 : Continue with Iteration
Mon Feb 17 12:09:25 2025 : Continue with Iteration
Mon Feb 17 12:24:25 2025 : Continue with Iteration
Mon Feb 17 12:39:28 2025 : Continue with Iteration
Mon Feb 17 12:54:29 2025 : Continue with Iteration
Mon Feb 17 13:09:32 2025 : Continue with Iteration
Mon Feb 17 13:24:32 2025 : Continue with Iteration
Mon Feb 17 13:39:35 2025 : Continue with Iteration
Mon Feb 17 13:54:35 2025 : Continue with Iteration
Mon Feb 17 14:09:38 2025 : Continue with Iteration
Mon Feb 17 14:24:38 2025 : Continue with Iteration
Mon Feb 17 14:39:41 2025 : Continue with Iteration
Mon Feb 17 14:54:42 2025 : Continue with Iteration
Mon Feb 17 15:09:45 2025 : Continue with Iteration
Mon Feb 17 15:24:45 2025 : Continue with Iteration
Mon Feb 17 15:39:48 2025 : Continue with Iteration
Mon Feb 17 15:54:48 2025 : Continue with Iteration
Mon Feb 17 16:09:51 2025 : Continue with Iteration
Mon Feb 17 16:24:51 2025 : Continue with Iteration
Mon Feb 17 16:39:54 2025 : Continue with Iteration
Mon Feb 17 16:54:54 2025 : Continue with Iteration
Mon Feb 17 17:09:57 2025 : Continue with Iteration
Mon Feb 17 17:24:57 2025 : Continue with Iteration
Mon Feb 17 17:40:00 2025 : Continue with Iteration
Mon Feb 17 17:55:01 2025 : Continue with Iteration
Mon Feb 17 18:10:03 2025 : Continue with Iteration
Mon Feb 17 18:25:04 2025 : Continue with Iteration
Mon Feb 17 18:40:07 2025 : Continue with Iteration
Mon Feb 17 18:55:07 2025 : Continue with Iteration
Mon Feb 17 19:10:10 2025 : Continue with Iteration
Mon Feb 17 19:25:10 2025 : Continue with Iteration
Mon Feb 17 19:40:13 2025 : Continue with Iteration
Mon Feb 17 19:55:14 2025 : Continue with Iteration
Mon Feb 17 20:10:16 2025 : Continue with Iteration
Mon Feb 17 20:25:17 2025 : Continue with Iteration
Mon Feb 17 20:40:19 2025 : Continue with Iteration
Mon Feb 17 20:55:20 2025 : Continue with Iteration
Mon Feb 17 21:10:23 2025 : Continue with Iteration
Mon Feb 17 21:25:23 2025 : Continue with Iteration
Mon Feb 17 21:40:26 2025 : Continue with Iteration
Mon Feb 17 21:55:26 2025 : Continue with Iteration
Mon Feb 17 22:10:29 2025 : Continue with Iteration
Mon Feb 17 22:25:29 2025 : Continue with Iteration
Mon Feb 17 22:40:33 2025 : Continue with Iteration
Mon Feb 17 22:55:33 2025 : Continue with Iteration
Mon Feb 17 23:10:36 2025 : Continue with Iteration
Mon Feb 17 23:25:36 2025 : Continue with Iteration
Mon Feb 17 23:40:39 2025 : Continue with Iteration
Mon Feb 17 23:55:39 2025 : Continue with Iteration
Tue Feb 18 00:10:42 2025 : Continue with Iteration
Tue Feb 18 00:25:42 2025 : Continue with Iteration
Tue Feb 18 00:40:45 2025 : Continue with Iteration
Tue Feb 18 00:55:46 2025 : Continue with Iteration
Tue Feb 18 01:10:49 2025 : Continue with Iteration
Tue Feb 18 01:25:49 2025 : Continue with Iteration
Tue Feb 18 01:40:52 2025 : Continue with Iteration
Tue Feb 18 01:55:52 2025 : Continue with Iteration
Tue Feb 18 02:10:55 2025 : Continue with Iteration
Tue Feb 18 02:25:56 2025 : Continue with Iteration
Tue Feb 18 02:40:59 2025 : Continue with Iteration
Tue Feb 18 02:55:59 2025 : Continue with Iteration
Tue Feb 18 03:11:02 2025 : Continue with Iteration
Tue Feb 18 03:26:03 2025 : Continue with Iteration
Tue Feb 18 03:41:06 2025 : Continue with Iteration
Tue Feb 18 03:56:06 2025 : Continue with Iteration
Tue Feb 18 04:11:09 2025 : Continue with Iteration
Tue Feb 18 04:26:09 2025 : Continue with Iteration
Tue Feb 18 04:41:12 2025 : Continue with Iteration
Tue Feb 18 04:56:13 2025 : Continue with Iteration
Tue Feb 18 05:11:16 2025 : Continue with Iteration
Tue Feb 18 05:26:16 2025 : Continue with Iteration
Tue Feb 18 05:41:19 2025 : Continue with Iteration
Tue Feb 18 05:56:19 2025 : Continue with Iteration
Tue Feb 18 06:11:22 2025 : Continue with Iteration
Tue Feb 18 06:26:22 2025 : Continue with Iteration
Tue Feb 18 06:41:26 2025 : Continue with Iteration
Tue Feb 18 06:56:26 2025 : Continue with Iteration
Tue Feb 18 07:11:29 2025 : Continue with Iteration
Tue Feb 18 07:26:29 2025 : Continue with Iteration
Tue Feb 18 07:41:32 2025 : Continue with Iteration
Tue Feb 18 07:56:32 2025 : Continue with Iteration
Tue Feb 18 08:11:35 2025 : Continue with Iteration
Tue Feb 18 08:26:36 2025 : Continue with Iteration
Tue Feb 18 08:41:39 2025 : Continue with Iteration
Tue Feb 18 08:56:39 2025 : Continue with Iteration
Tue Feb 18 09:11:42 2025 : Continue with Iteration
Tue Feb 18 09:26:42 2025 : Continue with Iteration
Tue Feb 18 09:41:45 2025 : Continue with Iteration
Tue Feb 18 09:56:45 2025 : Continue with Iteration
Tue Feb 18 10:11:49 2025 : Continue with Iteration
Tue Feb 18 10:26:49 2025 : Continue with Iteration
Tue Feb 18 10:41:52 2025 : Continue with Iteration
Tue Feb 18 10:56:52 2025 : Continue with Iteration
Tue Feb 18 11:11:55 2025 : Continue with Iteration
Tue Feb 18 11:26:55 2025 : Continue with Iteration
Tue Feb 18 11:41:59 2025 : Continue with Iteration
Tue Feb 18 11:56:59 2025 : Continue with Iteration
Tue Feb 18 12:12:02 2025 : Continue with Iteration
Tue Feb 18 12:27:02 2025 : Continue with Iteration
Tue Feb 18 12:42:05 2025 : Continue with Iteration
Tue Feb 18 12:57:06 2025 : Continue with Iteration
Tue Feb 18 13:12:09 2025 : Continue with Iteration
Tue Feb 18 13:27:09 2025 : Continue with Iteration
Tue Feb 18 13:42:13 2025 : Continue with Iteration
Tue Feb 18 13:57:13 2025 : Continue with Iteration
Tue Feb 18 14:12:16 2025 : Continue with Iteration
Tue Feb 18 14:27:16 2025 : Continue with Iteration
Tue Feb 18 14:42:19 2025 : Continue with Iteration
Tue Feb 18 14:57:19 2025 : Continue with Iteration
Tue Feb 18 15:12:22 2025 : Continue with Iteration
Tue Feb 18 15:27:22 2025 : Continue with Iteration
Tue Feb 18 15:42:25 2025 : Continue with Iteration
Tue Feb 18 15:57:26 2025 : Continue with Iteration
Tue Feb 18 16:12:29 2025 : Continue with Iteration
Tue Feb 18 16:27:29 2025 : Continue with Iteration
Tue Feb 18 16:42:32 2025 : Continue with Iteration
Tue Feb 18 16:57:32 2025 : Continue with Iteration
Tue Feb 18 17:12:35 2025 : Continue with Iteration
Tue Feb 18 17:27:35 2025 : Continue with Iteration
Tue Feb 18 17:42:38 2025 : Continue with Iteration
Tue Feb 18 17:57:38 2025 : Continue with Iteration
Tue Feb 18 18:12:41 2025 : Continue with Iteration
Tue Feb 18 18:27:42 2025 : Continue with Iteration
Tue Feb 18 18:42:45 2025 : Continue with Iteration
Tue Feb 18 18:57:45 2025 : Continue with Iteration
Tue Feb 18 19:12:48 2025 : Continue with Iteration
Tue Feb 18 19:27:49 2025 : Continue with Iteration
Tue Feb 18 19:42:52 2025 : Continue with Iteration
Tue Feb 18 19:57:52 2025 : Continue with Iteration
Tue Feb 18 20:12:55 2025 : Continue with Iteration
Tue Feb 18 20:27:55 2025 : Continue with Iteration
Tue Feb 18 20:42:58 2025 : Continue with Iteration
Tue Feb 18 20:57:59 2025 : Continue with Iteration
Tue Feb 18 21:13:02 2025 : Continue with Iteration
Tue Feb 18 21:28:02 2025 : Continue with Iteration
Tue Feb 18 21:43:05 2025 : Continue with Iteration
Tue Feb 18 21:58:05 2025 : Continue with Iteration
Tue Feb 18 22:13:09 2025 : Continue with Iteration
Tue Feb 18 22:28:09 2025 : Continue with Iteration
Tue Feb 18 22:43:12 2025 : Continue with Iteration
Tue Feb 18 22:58:12 2025 : Continue with Iteration
Tue Feb 18 23:13:15 2025 : Continue with Iteration
Tue Feb 18 23:28:16 2025 : Continue with Iteration
Tue Feb 18 23:43:19 2025 : Continue with Iteration
Tue Feb 18 23:58:19 2025 : Continue with Iteration
Wed Feb 19 00:13:22 2025 : Continue with Iteration
Wed Feb 19 00:28:22 2025 : Continue with Iteration
Wed Feb 19 00:43:26 2025 : Continue with Iteration
Wed Feb 19 00:58:26 2025 : Continue with Iteration
Wed Feb 19 01:13:29 2025 : Continue with Iteration
Wed Feb 19 01:28:29 2025 : Continue with Iteration
Wed Feb 19 01:43:32 2025 : Continue with Iteration
Wed Feb 19 01:58:32 2025 : Continue with Iteration
Wed Feb 19 02:13:36 2025 : Continue with Iteration
Wed Feb 19 02:28:36 2025 : Continue with Iteration
Wed Feb 19 02:43:39 2025 : Continue with Iteration
Wed Feb 19 02:58:39 2025 : Continue with Iteration
Wed Feb 19 03:13:42 2025 : Continue with Iteration
Wed Feb 19 03:28:42 2025 : Continue with Iteration
Wed Feb 19 03:43:46 2025 : Continue with Iteration
Wed Feb 19 03:58:46 2025 : Continue with Iteration
Wed Feb 19 04:13:49 2025 : Continue with Iteration
Wed Feb 19 04:28:49 2025 : Continue with Iteration
Wed Feb 19 04:43:52 2025 : Continue with Iteration
Wed Feb 19 04:58:53 2025 : Continue with Iteration
Wed Feb 19 05:13:56 2025 : Continue with Iteration
Wed Feb 19 05:28:56 2025 : Continue with Iteration
Wed Feb 19 05:43:59 2025 : Continue with Iteration
Wed Feb 19 05:58:59 2025 : Continue with Iteration
Wed Feb 19 06:14:03 2025 : Continue with Iteration
Wed Feb 19 06:29:03 2025 : Continue with Iteration
Wed Feb 19 06:44:06 2025 : Continue with Iteration
Wed Feb 19 06:59:06 2025 : Continue with Iteration
Wed Feb 19 07:14:10 2025 : Continue with Iteration
Wed Feb 19 07:29:10 2025 : Continue with Iteration
Wed Feb 19 07:44:13 2025 : Continue with Iteration
Wed Feb 19 07:59:13 2025 : Continue with Iteration
Wed Feb 19 08:14:16 2025 : Continue with Iteration
Wed Feb 19 08:29:17 2025 : Continue with Iteration
Wed Feb 19 08:44:20 2025 : Continue with Iteration
Wed Feb 19 08:59:20 2025 : Continue with Iteration
Wed Feb 19 09:14:23 2025 : Continue with Iteration
Wed Feb 19 09:29:23 2025 : Continue with Iteration
Wed Feb 19 09:44:27 2025 : Continue with Iteration
Wed Feb 19 09:59:27 2025 : Continue with Iteration
Wed Feb 19 10:14:30 2025 : Continue with Iteration
Wed Feb 19 10:29:30 2025 : Continue with Iteration
Wed Feb 19 10:44:33 2025 : Continue with Iteration
Wed Feb 19 10:59:34 2025 : Continue with Iteration
Wed Feb 19 11:14:37 2025 : Continue with Iteration
Wed Feb 19 11:29:37 2025 : Continue with Iteration
Wed Feb 19 11:44:41 2025 : Continue with Iteration
Wed Feb 19 11:59:41 2025 : Continue with Iteration
Wed Feb 19 12:14:44 2025 : Continue with Iteration
Wed Feb 19 12:29:44 2025 : Continue with Iteration
Wed Feb 19 12:44:47 2025 : Continue with Iteration
Wed Feb 19 12:59:48 2025 : Continue with Iteration
Wed Feb 19 13:14:51 2025 : Continue with Iteration
Wed Feb 19 13:29:51 2025 : Continue with Iteration
Wed Feb 19 13:44:54 2025 : Continue with Iteration
Wed Feb 19 13:59:54 2025 : Continue with Iteration
Wed Feb 19 14:14:57 2025 : Continue with Iteration
Wed Feb 19 14:29:58 2025 : Continue with Iteration
Wed Feb 19 14:45:01 2025 : Continue with Iteration
Wed Feb 19 15:00:01 2025 : Continue with Iteration
Wed Feb 19 15:15:04 2025 : Continue with Iteration
Wed Feb 19 15:30:04 2025 : Continue with Iteration
Wed Feb 19 15:45:08 2025 : Continue with Iteration
Wed Feb 19 16:00:08 2025 : Continue with Iteration
Wed Feb 19 16:15:11 2025 : Continue with Iteration
Wed Feb 19 16:30:11 2025 : Continue with Iteration
Wed Feb 19 16:45:14 2025 : Continue with Iteration
Wed Feb 19 17:00:15 2025 : Continue with Iteration
Wed Feb 19 17:15:18 2025 : Continue with Iteration
Wed Feb 19 17:30:18 2025 : Continue with Iteration
Wed Feb 19 17:45:22 2025 : Continue with Iteration
Wed Feb 19 18:00:22 2025 : Continue with Iteration
Wed Feb 19 18:15:25 2025 : Continue with Iteration
Wed Feb 19 18:30:25 2025 : Continue with Iteration
Wed Feb 19 18:45:28 2025 : Continue with Iteration
Wed Feb 19 19:00:28 2025 : Continue with Iteration
Wed Feb 19 19:15:32 2025 : Continue with Iteration
Wed Feb 19 19:30:32 2025 : Continue with Iteration
Wed Feb 19 19:45:35 2025 : Continue with Iteration
Wed Feb 19 20:00:35 2025 : Continue with Iteration
Wed Feb 19 20:15:38 2025 : Continue with Iteration
Wed Feb 19 20:30:39 2025 : Continue with Iteration
Wed Feb 19 20:45:42 2025 : Continue with Iteration
Wed Feb 19 21:00:42 2025 : Continue with Iteration
Wed Feb 19 21:15:45 2025 : Continue with Iteration
Wed Feb 19 21:30:45 2025 : Continue with Iteration
Wed Feb 19 21:45:48 2025 : Continue with Iteration
Wed Feb 19 22:00:49 2025 : Continue with Iteration
Wed Feb 19 22:15:52 2025 : Continue with Iteration
Wed Feb 19 22:30:52 2025 : Continue with Iteration
Wed Feb 19 22:45:55 2025 : Continue with Iteration
Wed Feb 19 23:00:55 2025 : Continue with Iteration
Wed Feb 19 23:15:59 2025 : Continue with Iteration
Wed Feb 19 23:30:59 2025 : Continue with Iteration
Wed Feb 19 23:46:02 2025 : Continue with Iteration
Thu Feb 20 00:01:02 2025 : Continue with Iteration
Thu Feb 20 00:16:05 2025 : Continue with Iteration
Thu Feb 20 00:31:06 2025 : Continue with Iteration
Thu Feb 20 00:46:09 2025 : Continue with Iteration
Thu Feb 20 01:01:09 2025 : Continue with Iteration
Thu Feb 20 01:16:12 2025 : Continue with Iteration
Thu Feb 20 01:31:12 2025 : Continue with Iteration
Thu Feb 20 01:46:16 2025 : Continue with Iteration
Thu Feb 20 02:01:16 2025 : Continue with Iteration
Thu Feb 20 02:16:19 2025 : Continue with Iteration
Thu Feb 20 02:31:19 2025 : Continue with Iteration
Thu Feb 20 02:46:22 2025 : Continue with Iteration
Thu Feb 20 03:01:23 2025 : Continue with Iteration
Thu Feb 20 03:16:26 2025 : Continue with Iteration
Thu Feb 20 03:31:26 2025 : Continue with Iteration
Thu Feb 20 03:46:29 2025 : Continue with Iteration
Thu Feb 20 04:01:29 2025 : Continue with Iteration
Thu Feb 20 04:16:33 2025 : Continue with Iteration
Thu Feb 20 04:31:33 2025 : Continue with Iteration
Thu Feb 20 04:46:36 2025 : Continue with Iteration
Thu Feb 20 05:01:36 2025 : Continue with Iteration
Thu Feb 20 05:16:39 2025 : Continue with Iteration
Thu Feb 20 05:31:40 2025 : Continue with Iteration
Thu Feb 20 05:46:43 2025 : Continue with Iteration
Thu Feb 20 06:01:43 2025 : Continue with Iteration
Thu Feb 20 06:16:46 2025 : Continue with Iteration
Thu Feb 20 06:31:47 2025 : Continue with Iteration
Thu Feb 20 06:46:50 2025 : Continue with Iteration
Thu Feb 20 07:01:50 2025 : Continue with Iteration
Thu Feb 20 07:16:53 2025 : Continue with Iteration
Thu Feb 20 07:31:53 2025 : Continue with Iteration
Thu Feb 20 07:46:57 2025 : Continue with Iteration
Thu Feb 20 08:01:57 2025 : Continue with Iteration
Thu Feb 20 08:17:00 2025 : Continue with Iteration
Thu Feb 20 08:32:00 2025 : Continue with Iteration
Thu Feb 20 08:47:03 2025 : Continue with Iteration
Thu Feb 20 09:02:04 2025 : Continue with Iteration
Thu Feb 20 09:17:07 2025 : Continue with Iteration
Thu Feb 20 09:32:07 2025 : Continue with Iteration
Thu Feb 20 09:47:10 2025 : Continue with Iteration
Thu Feb 20 10:02:10 2025 : Continue with Iteration
Thu Feb 20 10:17:14 2025 : Continue with Iteration
Thu Feb 20 10:32:14 2025 : Continue with Iteration
Thu Feb 20 10:47:17 2025 : Continue with Iteration
Thu Feb 20 11:02:17 2025 : Continue with Iteration
Thu Feb 20 11:17:20 2025 : Continue with Iteration
Thu Feb 20 11:32:21 2025 : Continue with Iteration
Thu Feb 20 11:47:24 2025 : Continue with Iteration
Thu Feb 20 12:02:24 2025 : Continue with Iteration
Thu Feb 20 12:17:27 2025 : Continue with Iteration
Thu Feb 20 12:32:28 2025 : Continue with Iteration
Thu Feb 20 12:47:31 2025 : Continue with Iteration
Thu Feb 20 13:02:31 2025 : Continue with Iteration
Thu Feb 20 13:17:34 2025 : Continue with Iteration
Thu Feb 20 13:32:35 2025 : Continue with Iteration
Thu Feb 20 13:47:38 2025 : Continue with Iteration
Thu Feb 20 14:02:38 2025 : Continue with Iteration
Thu Feb 20 14:17:42 2025 : Continue with Iteration
Thu Feb 20 14:32:42 2025 : Continue with Iteration
Thu Feb 20 14:47:45 2025 : Continue with Iteration
Thu Feb 20 15:02:46 2025 : Continue with Iteration
Thu Feb 20 15:17:49 2025 : Continue with Iteration
Thu Feb 20 15:32:49 2025 : Continue with Iteration
Thu Feb 20 15:47:52 2025 : Continue with Iteration
Thu Feb 20 16:02:53 2025 : Continue with Iteration
Thu Feb 20 16:17:56 2025 : Continue with Iteration
Thu Feb 20 16:32:56 2025 : Continue with Iteration
Thu Feb 20 16:47:59 2025 : Continue with Iteration
Thu Feb 20 17:02:59 2025 : Continue with Iteration
Thu Feb 20 17:18:03 2025 : Continue with Iteration
Thu Feb 20 17:33:03 2025 : Continue with Iteration
Thu Feb 20 17:48:06 2025 : Continue with Iteration
Thu Feb 20 18:03:06 2025 : Continue with Iteration
Thu Feb 20 18:18:10 2025 : Continue with Iteration
Thu Feb 20 18:33:10 2025 : Continue with Iteration
Thu Feb 20 18:48:13 2025 : Continue with Iteration
Thu Feb 20 19:03:13 2025 : Continue with Iteration
Thu Feb 20 19:18:17 2025 : Continue with Iteration
Thu Feb 20 19:33:17 2025 : Continue with Iteration
Thu Feb 20 19:48:20 2025 : Continue with Iteration
Thu Feb 20 20:03:20 2025 : Continue with Iteration
Thu Feb 20 20:18:23 2025 : Continue with Iteration
Thu Feb 20 20:33:24 2025 : Continue with Iteration
Thu Feb 20 20:48:27 2025 : Continue with Iteration
Thu Feb 20 21:03:27 2025 : Continue with Iteration
Thu Feb 20 21:18:30 2025 : Continue with Iteration
Thu Feb 20 21:33:31 2025 : Continue with Iteration
Thu Feb 20 21:48:34 2025 : Continue with Iteration
Thu Feb 20 22:03:34 2025 : Continue with Iteration
Thu Feb 20 22:18:37 2025 : Continue with Iteration
Thu Feb 20 22:33:37 2025 : Continue with Iteration
Thu Feb 20 22:48:41 2025 : Continue with Iteration
Thu Feb 20 23:03:41 2025 : Continue with Iteration
Thu Feb 20 23:18:44 2025 : Continue with Iteration
Thu Feb 20 23:33:44 2025 : Continue with Iteration
Thu Feb 20 23:48:47 2025 : Continue with Iteration
Fri Feb 21 00:03:48 2025 : Continue with Iteration
Fri Feb 21 00:18:51 2025 : Continue with Iteration
Fri Feb 21 00:33:51 2025 : Continue with Iteration
Fri Feb 21 00:48:54 2025 : Continue with Iteration
Fri Feb 21 01:03:55 2025 : Continue with Iteration
Fri Feb 21 01:18:58 2025 : Continue with Iteration
Fri Feb 21 01:33:58 2025 : Continue with Iteration
Fri Feb 21 01:49:02 2025 : Continue with Iteration
Fri Feb 21 02:04:02 2025 : Continue with Iteration
Fri Feb 21 02:19:05 2025 : Continue with Iteration
Fri Feb 21 02:34:05 2025 : Continue with Iteration
Fri Feb 21 02:49:09 2025 : Continue with Iteration
Fri Feb 21 03:04:09 2025 : Continue with Iteration
Fri Feb 21 03:19:12 2025 : Continue with Iteration
Fri Feb 21 03:34:12 2025 : Continue with Iteration
Fri Feb 21 03:49:15 2025 : Continue with Iteration
Fri Feb 21 04:04:16 2025 : Continue with Iteration
Fri Feb 21 04:19:19 2025 : Continue with Iteration
Fri Feb 21 04:34:19 2025 : Continue with Iteration
Fri Feb 21 04:49:23 2025 : Continue with Iteration
Fri Feb 21 05:04:23 2025 : Continue with Iteration
Fri Feb 21 05:19:26 2025 : Continue with Iteration
Fri Feb 21 05:34:26 2025 : Continue with Iteration
Fri Feb 21 05:49:30 2025 : Continue with Iteration
Fri Feb 21 06:04:30 2025 : Continue with Iteration
Fri Feb 21 06:19:33 2025 : Continue with Iteration
Fri Feb 21 06:34:34 2025 : Continue with Iteration
Fri Feb 21 06:49:37 2025 : Continue with Iteration
Fri Feb 21 07:04:37 2025 : Continue with Iteration
Fri Feb 21 07:19:40 2025 : Continue with Iteration
Fri Feb 21 07:34:41 2025 : Continue with Iteration
Fri Feb 21 07:49:44 2025 : Continue with Iteration
Fri Feb 21 08:04:44 2025 : Continue with Iteration
Fri Feb 21 08:19:48 2025 : Continue with Iteration
Fri Feb 21 08:34:48 2025 : Continue with Iteration
Fri Feb 21 08:49:51 2025 : Continue with Iteration
Fri Feb 21 09:04:52 2025 : Continue with Iteration
Fri Feb 21 09:19:55 2025 : Continue with Iteration
Fri Feb 21 09:34:55 2025 : Continue with Iteration
Fri Feb 21 09:49:58 2025 : Continue with Iteration
Fri Feb 21 10:04:59 2025 : Continue with Iteration
Fri Feb 21 10:20:02 2025 : Continue with Iteration
Fri Feb 21 10:35:02 2025 : Continue with Iteration
Fri Feb 21 10:50:06 2025 : Continue with Iteration
Fri Feb 21 11:05:06 2025 : Continue with Iteration
Fri Feb 21 11:20:09 2025 : Continue with Iteration
Fri Feb 21 11:35:10 2025 : Continue with Iteration
Fri Feb 21 11:50:13 2025 : Continue with Iteration
Fri Feb 21 12:05:13 2025 : Continue with Iteration
Fri Feb 21 12:20:16 2025 : Continue with Iteration
Fri Feb 21 12:35:17 2025 : Continue with Iteration
Fri Feb 21 12:50:20 2025 : Continue with Iteration
Fri Feb 21 13:05:21 2025 : Continue with Iteration
Fri Feb 21 13:20:24 2025 : Continue with Iteration
Fri Feb 21 13:35:24 2025 : Continue with Iteration
Fri Feb 21 13:50:28 2025 : Continue with Iteration
Fri Feb 21 14:05:28 2025 : Continue with Iteration
Fri Feb 21 14:20:31 2025 : Continue with Iteration
Fri Feb 21 14:35:31 2025 : Continue with Iteration
Fri Feb 21 14:50:35 2025 : Continue with Iteration
Fri Feb 21 15:05:35 2025 : Continue with Iteration
Fri Feb 21 15:20:38 2025 : Continue with Iteration
Fri Feb 21 15:35:38 2025 : Continue with Iteration
Fri Feb 21 15:50:42 2025 : Continue with Iteration
Fri Feb 21 16:05:42 2025 : Continue with Iteration
Fri Feb 21 16:20:45 2025 : Continue with Iteration
Fri Feb 21 16:35:45 2025 : Continue with Iteration
Fri Feb 21 16:50:49 2025 : Continue with Iteration
Fri Feb 21 17:05:49 2025 : Continue with Iteration
Fri Feb 21 17:20:52 2025 : Continue with Iteration
Fri Feb 21 17:35:52 2025 : Continue with Iteration
Fri Feb 21 17:50:56 2025 : Continue with Iteration
Fri Feb 21 18:05:56 2025 : Continue with Iteration
Fri Feb 21 18:20:59 2025 : Continue with Iteration
Fri Feb 21 18:36:00 2025 : Continue with Iteration
Fri Feb 21 18:51:03 2025 : Continue with Iteration
Fri Feb 21 19:06:03 2025 : Continue with Iteration
Fri Feb 21 19:21:07 2025 : Continue with Iteration
Fri Feb 21 19:36:07 2025 : Continue with Iteration
Fri Feb 21 19:51:10 2025 : Continue with Iteration
Fri Feb 21 20:06:10 2025 : Continue with Iteration
Fri Feb 21 20:21:14 2025 : Continue with Iteration
Fri Feb 21 20:36:14 2025 : Continue with Iteration
Fri Feb 21 20:51:17 2025 : Continue with Iteration
Fri Feb 21 21:06:17 2025 : Continue with Iteration
Fri Feb 21 21:21:21 2025 : Continue with Iteration
Fri Feb 21 21:36:21 2025 : Continue with Iteration
Fri Feb 21 21:51:24 2025 : Continue with Iteration
Fri Feb 21 22:06:24 2025 : Continue with Iteration
Fri Feb 21 22:21:28 2025 : Continue with Iteration
Fri Feb 21 22:36:28 2025 : Continue with Iteration
Fri Feb 21 22:51:31 2025 : Continue with Iteration
Fri Feb 21 23:06:32 2025 : Continue with Iteration
Fri Feb 21 23:21:35 2025 : Continue with Iteration
Fri Feb 21 23:36:35 2025 : Continue with Iteration
Fri Feb 21 23:51:39 2025 : Continue with Iteration
Sat Feb 22 00:06:39 2025 : Continue with Iteration
Sat Feb 22 00:21:42 2025 : Continue with Iteration
Sat Feb 22 00:36:43 2025 : Continue with Iteration
Sat Feb 22 00:51:46 2025 : Continue with Iteration
Sat Feb 22 01:06:46 2025 : Continue with Iteration
Sat Feb 22 01:21:50 2025 : Continue with Iteration
Sat Feb 22 01:36:50 2025 : Continue with Iteration
Sat Feb 22 01:51:53 2025 : Continue with Iteration
Sat Feb 22 02:06:53 2025 : Continue with Iteration
Sat Feb 22 02:21:57 2025 : Continue with Iteration
Sat Feb 22 02:36:57 2025 : Continue with Iteration
Sat Feb 22 02:52:01 2025 : Continue with Iteration
Sat Feb 22 03:07:01 2025 : Continue with Iteration
Sat Feb 22 03:22:04 2025 : Continue with Iteration
Sat Feb 22 03:37:04 2025 : Continue with Iteration
Sat Feb 22 03:52:08 2025 : Continue with Iteration
Sat Feb 22 04:07:08 2025 : Continue with Iteration
Sat Feb 22 04:22:11 2025 : Continue with Iteration
Sat Feb 22 04:37:11 2025 : Continue with Iteration
Sat Feb 22 04:52:15 2025 : Continue with Iteration
Sat Feb 22 05:07:15 2025 : Continue with Iteration
Sat Feb 22 05:22:18 2025 : Continue with Iteration
Sat Feb 22 05:37:19 2025 : Continue with Iteration
Sat Feb 22 05:52:22 2025 : Continue with Iteration
Sat Feb 22 06:07:23 2025 : Continue with Iteration
Sat Feb 22 06:22:26 2025 : Continue with Iteration
Sat Feb 22 06:37:27 2025 : Continue with Iteration
Sat Feb 22 06:52:30 2025 : Continue with Iteration
Sat Feb 22 07:07:30 2025 : Continue with Iteration
Sat Feb 22 07:22:33 2025 : Continue with Iteration
Sat Feb 22 07:37:34 2025 : Continue with Iteration
Sat Feb 22 07:52:37 2025 : Continue with Iteration
Sat Feb 22 08:07:37 2025 : Continue with Iteration
Sat Feb 22 08:22:41 2025 : Continue with Iteration
Sat Feb 22 08:37:41 2025 : Continue with Iteration
Sat Feb 22 08:52:44 2025 : Continue with Iteration
Sat Feb 22 09:07:44 2025 : Continue with Iteration
Sat Feb 22 09:22:48 2025 : Continue with Iteration
Sat Feb 22 09:37:48 2025 : Continue with Iteration
Sat Feb 22 09:52:51 2025 : Continue with Iteration
Sat Feb 22 10:07:52 2025 : Continue with Iteration
Sat Feb 22 10:22:55 2025 : Continue with Iteration
Sat Feb 22 10:37:55 2025 : Continue with Iteration
Sat Feb 22 10:52:58 2025 : Continue with Iteration
Sat Feb 22 11:07:59 2025 : Continue with Iteration
Sat Feb 22 11:23:03 2025 : Continue with Iteration
Sat Feb 22 11:38:03 2025 : Continue with Iteration
Sat Feb 22 11:53:06 2025 : Continue with Iteration
Sat Feb 22 12:08:07 2025 : Continue with Iteration
Sat Feb 22 12:23:10 2025 : Continue with Iteration
Sat Feb 22 12:38:10 2025 : Continue with Iteration
Sat Feb 22 12:53:13 2025 : Continue with Iteration
Sat Feb 22 13:08:14 2025 : Continue with Iteration
Sat Feb 22 13:23:17 2025 : Continue with Iteration
Sat Feb 22 13:38:17 2025 : Continue with Iteration
Sat Feb 22 13:53:21 2025 : Continue with Iteration
Sat Feb 22 14:08:21 2025 : Continue with Iteration
Sat Feb 22 14:23:24 2025 : Continue with Iteration
Sat Feb 22 14:38:25 2025 : Continue with Iteration
Sat Feb 22 14:53:28 2025 : Continue with Iteration
Sat Feb 22 15:08:28 2025 : Continue with Iteration
Sat Feb 22 15:23:32 2025 : Continue with Iteration
Sat Feb 22 15:38:32 2025 : Continue with Iteration
Sat Feb 22 15:53:35 2025 : Continue with Iteration
Sat Feb 22 16:08:35 2025 : Continue with Iteration
Sat Feb 22 16:23:39 2025 : Continue with Iteration
Sat Feb 22 16:38:39 2025 : Continue with Iteration
Sat Feb 22 16:53:42 2025 : Continue with Iteration
Sat Feb 22 17:08:43 2025 : Continue with Iteration
Sat Feb 22 17:23:46 2025 : Continue with Iteration
Sat Feb 22 17:38:46 2025 : Continue with Iteration
Sat Feb 22 17:53:50 2025 : Continue with Iteration
Sat Feb 22 18:08:50 2025 : Continue with Iteration
Sat Feb 22 18:23:53 2025 : Continue with Iteration
Sat Feb 22 18:38:54 2025 : Continue with Iteration
Sat Feb 22 18:53:57 2025 : Continue with Iteration
Sat Feb 22 19:08:57 2025 : Continue with Iteration
Sat Feb 22 19:24:01 2025 : Continue with Iteration
Sat Feb 22 19:39:01 2025 : Continue with Iteration
Sat Feb 22 19:54:04 2025 : Continue with Iteration
Sat Feb 22 20:09:05 2025 : Continue with Iteration
Sat Feb 22 20:24:08 2025 : Continue with Iteration
Sat Feb 22 20:39:08 2025 : Continue with Iteration
Sat Feb 22 20:54:12 2025 : Continue with Iteration
Sat Feb 22 21:09:12 2025 : Continue with Iteration
Sat Feb 22 21:24:15 2025 : Continue with Iteration
Sat Feb 22 21:39:15 2025 : Continue with Iteration
Sat Feb 22 21:54:19 2025 : Continue with Iteration
Sat Feb 22 22:09:19 2025 : Continue with Iteration
Sat Feb 22 22:24:22 2025 : Continue with Iteration
Sat Feb 22 22:39:23 2025 : Continue with Iteration
Sat Feb 22 22:54:26 2025 : Continue with Iteration
Sat Feb 22 23:09:26 2025 : Continue with Iteration
Sat Feb 22 23:24:29 2025 : Continue with Iteration
Sat Feb 22 23:39:30 2025 : Continue with Iteration
Sat Feb 22 23:54:33 2025 : Continue with Iteration
Sun Feb 23 00:09:33 2025 : Continue with Iteration
Sun Feb 23 00:24:37 2025 : Continue with Iteration
Sun Feb 23 00:39:37 2025 : Continue with Iteration
Sun Feb 23 00:54:41 2025 : Continue with Iteration
Sun Feb 23 01:09:41 2025 : Continue with Iteration
Sun Feb 23 01:24:44 2025 : Continue with Iteration
Sun Feb 23 01:39:45 2025 : Continue with Iteration
Sun Feb 23 01:54:48 2025 : Continue with Iteration
Sun Feb 23 02:09:48 2025 : Continue with Iteration
Sun Feb 23 02:24:52 2025 : Continue with Iteration
Sun Feb 23 02:39:52 2025 : Continue with Iteration
Sun Feb 23 02:54:55 2025 : Continue with Iteration
Sun Feb 23 03:09:55 2025 : Continue with Iteration
Sun Feb 23 03:24:59 2025 : Continue with Iteration
Sun Feb 23 03:39:59 2025 : Continue with Iteration
Sun Feb 23 03:55:02 2025 : Continue with Iteration
Sun Feb 23 04:10:03 2025 : Continue with Iteration
Sun Feb 23 04:25:06 2025 : Continue with Iteration
Sun Feb 23 04:40:07 2025 : Continue with Iteration
Sun Feb 23 04:55:10 2025 : Continue with Iteration
Sun Feb 23 05:10:10 2025 : Continue with Iteration
Sun Feb 23 05:25:13 2025 : Continue with Iteration
Sun Feb 23 05:40:14 2025 : Continue with Iteration
Sun Feb 23 05:55:17 2025 : Continue with Iteration
Sun Feb 23 06:10:17 2025 : Continue with Iteration
Sun Feb 23 06:25:21 2025 : Continue with Iteration
Sun Feb 23 06:40:21 2025 : Continue with Iteration
Sun Feb 23 06:55:25 2025 : Continue with Iteration
Sun Feb 23 07:10:25 2025 : Continue with Iteration
Sun Feb 23 07:25:28 2025 : Continue with Iteration
Sun Feb 23 07:40:28 2025 : Continue with Iteration
Sun Feb 23 07:55:32 2025 : Continue with Iteration
Sun Feb 23 08:10:32 2025 : Continue with Iteration
Sun Feb 23 08:25:35 2025 : Continue with Iteration
Sun Feb 23 08:40:36 2025 : Continue with Iteration
Sun Feb 23 08:55:39 2025 : Continue with Iteration
Sun Feb 23 09:10:40 2025 : Continue with Iteration
Sun Feb 23 09:25:43 2025 : Continue with Iteration
Sun Feb 23 09:40:43 2025 : Continue with Iteration
Sun Feb 23 09:55:47 2025 : Continue with Iteration
Sun Feb 23 10:10:47 2025 : Continue with Iteration
Sun Feb 23 10:25:50 2025 : Continue with Iteration
Sun Feb 23 10:40:51 2025 : Continue with Iteration
Sun Feb 23 10:55:54 2025 : Continue with Iteration
Sun Feb 23 11:10:54 2025 : Continue with Iteration
Sun Feb 23 11:25:58 2025 : Continue with Iteration
Sun Feb 23 11:40:58 2025 : Continue with Iteration
Sun Feb 23 11:56:02 2025 : Continue with Iteration
Sun Feb 23 12:11:02 2025 : Continue with Iteration
Sun Feb 23 12:26:05 2025 : Continue with Iteration
Sun Feb 23 12:41:06 2025 : Continue with Iteration
Sun Feb 23 12:56:09 2025 : Continue with Iteration
Sun Feb 23 13:11:10 2025 : Continue with Iteration
Sun Feb 23 13:26:13 2025 : Continue with Iteration
Sun Feb 23 13:41:13 2025 : Continue with Iteration
Sun Feb 23 13:56:17 2025 : Continue with Iteration
Sun Feb 23 14:11:17 2025 : Continue with Iteration
Sun Feb 23 14:26:20 2025 : Continue with Iteration
Sun Feb 23 14:41:21 2025 : Continue with Iteration
Sun Feb 23 14:56:24 2025 : Continue with Iteration
Sun Feb 23 15:11:24 2025 : Continue with Iteration
Sun Feb 23 15:26:28 2025 : Continue with Iteration
Sun Feb 23 15:41:28 2025 : Continue with Iteration
Sun Feb 23 15:56:31 2025 : Continue with Iteration
Sun Feb 23 16:11:32 2025 : Continue with Iteration
Sun Feb 23 16:26:35 2025 : Continue with Iteration
Sun Feb 23 16:41:36 2025 : Continue with Iteration
Sun Feb 23 16:56:39 2025 : Continue with Iteration
Sun Feb 23 17:11:39 2025 : Continue with Iteration
Sun Feb 23 17:26:43 2025 : Continue with Iteration
Sun Feb 23 17:41:43 2025 : Continue with Iteration
Sun Feb 23 17:56:46 2025 : Continue with Iteration
Sun Feb 23 18:11:46 2025 : Continue with Iteration
Sun Feb 23 18:26:50 2025 : Continue with Iteration
Sun Feb 23 18:41:50 2025 : Continue with Iteration
Sun Feb 23 18:56:53 2025 : Continue with Iteration
Sun Feb 23 19:11:54 2025 : Continue with Iteration
Sun Feb 23 19:26:57 2025 : Continue with Iteration
Sun Feb 23 19:41:57 2025 : Continue with Iteration
Sun Feb 23 19:57:01 2025 : Continue with Iteration
Sun Feb 23 20:12:01 2025 : Continue with Iteration
Sun Feb 23 20:27:05 2025 : Continue with Iteration
Sun Feb 23 20:42:05 2025 : Continue with Iteration
Sun Feb 23 20:57:08 2025 : Continue with Iteration
Sun Feb 23 21:12:08 2025 : Continue with Iteration
Sun Feb 23 21:27:12 2025 : Continue with Iteration
Sun Feb 23 21:42:13 2025 : Continue with Iteration
Sun Feb 23 21:57:16 2025 : Continue with Iteration
Sun Feb 23 22:12:17 2025 : Continue with Iteration
Sun Feb 23 22:27:20 2025 : Continue with Iteration
Sun Feb 23 22:42:21 2025 : Continue with Iteration
Sun Feb 23 22:57:24 2025 : Continue with Iteration
Sun Feb 23 23:12:24 2025 : Continue with Iteration
Sun Feb 23 23:27:28 2025 : Continue with Iteration
Sun Feb 23 23:42:28 2025 : Continue with Iteration
Sun Feb 23 23:57:32 2025 : Continue with Iteration
Mon Feb 24 00:12:32 2025 : Continue with Iteration
Mon Feb 24 00:27:35 2025 : Continue with Iteration
Mon Feb 24 00:42:36 2025 : Continue with Iteration
Mon Feb 24 00:57:39 2025 : Continue with Iteration
Mon Feb 24 01:12:40 2025 : Continue with Iteration
Mon Feb 24 01:27:43 2025 : Continue with Iteration
Mon Feb 24 01:42:43 2025 : Continue with Iteration
Mon Feb 24 01:57:47 2025 : Continue with Iteration
Mon Feb 24 02:12:47 2025 : Continue with Iteration
Mon Feb 24 02:27:51 2025 : Continue with Iteration
Mon Feb 24 02:42:51 2025 : Continue with Iteration
Mon Feb 24 02:57:55 2025 : Continue with Iteration
Mon Feb 24 03:12:55 2025 : Continue with Iteration
Mon Feb 24 03:27:58 2025 : Continue with Iteration
Mon Feb 24 03:42:58 2025 : Continue with Iteration
Mon Feb 24 03:58:02 2025 : Continue with Iteration
Mon Feb 24 04:13:02 2025 : Continue with Iteration
Mon Feb 24 04:28:05 2025 : Continue with Iteration
Mon Feb 24 04:43:06 2025 : Continue with Iteration
Mon Feb 24 04:58:10 2025 : Continue with Iteration
Mon Feb 24 05:13:10 2025 : Continue with Iteration
Mon Feb 24 05:28:13 2025 : Continue with Iteration
Mon Feb 24 05:43:13 2025 : Continue with Iteration
Mon Feb 24 05:58:17 2025 : Continue with Iteration
Mon Feb 24 06:13:17 2025 : Continue with Iteration
Mon Feb 24 06:28:20 2025 : Continue with Iteration
Mon Feb 24 06:43:21 2025 : Continue with Iteration
Mon Feb 24 06:58:24 2025 : Continue with Iteration
Mon Feb 24 07:13:24 2025 : Continue with Iteration
Mon Feb 24 07:28:28 2025 : Continue with Iteration
Mon Feb 24 07:43:28 2025 : Continue with Iteration
Mon Feb 24 07:58:32 2025 : Continue with Iteration
Mon Feb 24 08:13:32 2025 : Continue with Iteration
Mon Feb 24 08:28:35 2025 : Continue with Iteration
Mon Feb 24 08:43:36 2025 : Continue with Iteration
Mon Feb 24 08:58:39 2025 : Continue with Iteration
Mon Feb 24 09:13:39 2025 : Continue with Iteration
Mon Feb 24 09:28:43 2025 : Continue with Iteration
Mon Feb 24 09:43:43 2025 : Continue with Iteration
Mon Feb 24 09:58:47 2025 : Continue with Iteration
Mon Feb 24 10:13:47 2025 : Continue with Iteration
Mon Feb 24 10:28:51 2025 : Continue with Iteration
Mon Feb 24 10:43:51 2025 : Continue with Iteration
Mon Feb 24 10:58:54 2025 : Continue with Iteration
Mon Feb 24 11:13:55 2025 : Continue with Iteration
Mon Feb 24 11:28:58 2025 : Continue with Iteration
Mon Feb 24 11:43:58 2025 : Continue with Iteration
Mon Feb 24 11:59:02 2025 : Continue with Iteration
Mon Feb 24 12:14:02 2025 : Continue with Iteration
Mon Feb 24 12:29:06 2025 : Continue with Iteration
Mon Feb 24 12:44:06 2025 : Continue with Iteration
Mon Feb 24 12:59:09 2025 : Continue with Iteration
Mon Feb 24 13:14:10 2025 : Continue with Iteration
Mon Feb 24 13:29:13 2025 : Continue with Iteration
Mon Feb 24 13:44:13 2025 : Continue with Iteration
Mon Feb 24 13:59:17 2025 : Continue with Iteration
Mon Feb 24 14:14:17 2025 : Continue with Iteration
Mon Feb 24 14:29:21 2025 : Continue with Iteration
Mon Feb 24 14:44:21 2025 : Continue with Iteration
Mon Feb 24 14:59:24 2025 : Continue with Iteration
Mon Feb 24 15:14:24 2025 : Continue with Iteration
Mon Feb 24 15:29:28 2025 : Continue with Iteration
Mon Feb 24 15:44:28 2025 : Continue with Iteration
Mon Feb 24 15:59:32 2025 : Continue with Iteration
Mon Feb 24 16:14:32 2025 : Continue with Iteration
Mon Feb 24 16:29:35 2025 : Continue with Iteration
Mon Feb 24 16:44:36 2025 : Continue with Iteration
Mon Feb 24 16:59:39 2025 : Continue with Iteration
Mon Feb 24 17:14:39 2025 : Continue with Iteration
Mon Feb 24 17:29:43 2025 : Continue with Iteration
Mon Feb 24 17:44:43 2025 : Continue with Iteration
Mon Feb 24 17:59:47 2025 : Continue with Iteration
Mon Feb 24 18:14:47 2025 : Continue with Iteration
Mon Feb 24 18:29:51 2025 : Continue with Iteration
Mon Feb 24 18:44:51 2025 : Continue with Iteration
Mon Feb 24 18:59:54 2025 : Continue with Iteration
Mon Feb 24 19:14:55 2025 : Continue with Iteration
Mon Feb 24 19:29:58 2025 : Continue with Iteration
Mon Feb 24 19:44:59 2025 : Continue with Iteration
Mon Feb 24 20:00:02 2025 : Continue with Iteration
Mon Feb 24 20:15:03 2025 : Continue with Iteration
Mon Feb 24 20:30:06 2025 : Continue with Iteration
Mon Feb 24 20:45:07 2025 : Continue with Iteration
Mon Feb 24 21:00:10 2025 : Continue with Iteration
Mon Feb 24 21:15:11 2025 : Continue with Iteration
Mon Feb 24 21:30:14 2025 : Continue with Iteration
Mon Feb 24 21:45:15 2025 : Continue with Iteration
Mon Feb 24 22:00:18 2025 : Continue with Iteration
Mon Feb 24 22:15:18 2025 : Continue with Iteration
Mon Feb 24 22:30:22 2025 : Continue with Iteration
Mon Feb 24 22:45:22 2025 : Continue with Iteration
Mon Feb 24 23:00:26 2025 : Continue with Iteration
Mon Feb 24 23:15:26 2025 : Continue with Iteration
Mon Feb 24 23:30:30 2025 : Continue with Iteration
Mon Feb 24 23:45:30 2025 : Continue with Iteration
Tue Feb 25 00:00:34 2025 : Continue with Iteration
Tue Feb 25 00:15:34 2025 : Continue with Iteration
Tue Feb 25 00:30:37 2025 : Continue with Iteration
Tue Feb 25 00:45:38 2025 : Continue with Iteration
Tue Feb 25 01:00:41 2025 : Continue with Iteration
Tue Feb 25 01:15:42 2025 : Continue with Iteration
Tue Feb 25 01:30:45 2025 : Continue with Iteration
